2019-11-02 21:03:04.773 ERROR 15272 --- [restartedMain] o.s.b.c.l.LoggingApplicationListener     : Cannot set level: INFO  for 'org.springframework'
2019-11-02 21:03:05.368  INFO 15272 --- [restartedMain] n.sahet.vatinfo.app.VatInfoApplication   : Starting VatInfoApplication on LAPTOP-EG8FL90D with PID 15272 (C:\workspace_ext\vatinfo\target\classes started by ASUS in C:\workspace_ext\vatinfo)
2019-11-02 21:03:05.369  INFO 15272 --- [restartedMain] n.sahet.vatinfo.app.VatInfoApplication   : No active profile set, falling back to default profiles: default
2019-11-02 21:03:05.543  INFO 15272 --- [restartedMain] .e.DevToolsPropertyDefaultsPostProcessor : Devtools property defaults active! Set 'spring.devtools.add-properties' to 'false' to disable
2019-11-02 21:03:05.558  INFO 15272 --- [restartedMain] .e.DevToolsPropertyDefaultsPostProcessor : For additional web related logging consider setting the 'logging.level.web' property to 'DEBUG'
2019-11-02 21:03:11.475  INFO 15272 --- [restartedMain] o.s.b.w.embedded.tomcat.TomcatWebServer  : Tomcat initialized with port(s): 9091 (http)
2019-11-02 21:03:11.519  INFO 15272 --- [restartedMain] o.apache.catalina.core.StandardService   : Starting service [Tomcat]
2019-11-02 21:03:11.522  INFO 15272 --- [restartedMain] org.apache.catalina.core.StandardEngine  : Starting Servlet Engine: Apache Tomcat/9.0.12
2019-11-02 21:03:11.543  INFO 15272 --- [restartedMain] o.a.catalina.core.AprLifecycleListener   : The APR based Apache Tomcat Native library which allows optimal performance in production environments was not found on the java.library.path: [C:\Apps\Java\jdk1.8.0_144\jre\bin;C:\WINDOWS\Sun\Java\bin;C:\WINDOWS\system32;C:\WINDOWS;C:/Apps/Java/jdk-12/bin/server;C:/Apps/Java/jdk-12/bin;C:\Program Files (x86)\Intel\iCLS Client\;C:\Program Files\Intel\iCLS Client\;C:\Windows\system32;C:\Windows;C:\Windows\System32\Wbem;C:\Windows\System32\WindowsPowerShell\v1.0\;C:\Program Files (x86)\Intel\Intel(R) Management Engine Components\DAL;C:\Program Files\Intel\Intel(R) Management Engine Components\DAL;C:\Program Files (x86)\Intel\Intel(R) Management Engine Components\IPT;C:\Program Files\Intel\Intel(R) Management Engine Components\IPT;C:\Program Files (x86)\NVIDIA Corporation\PhysX\Common;C:\WINDOWS\system32;C:\WINDOWS;C:\WINDOWS\System32\Wbem;C:\WINDOWS\System32\WindowsPowerShell\v1.0\;C:\Apps\Java\jdk1.8.0_144\bin;C:\Apps\Git\cmd;C:\Apps\apache-maven-3.6.0\bin;C:\Apps\apache-ant-1.10.5\bin;C:\Apps\postgresql-10.1\bin;C:\WINDOWS\System32\OpenSSH\;C:\Apps\mongodb-4.0.5\bin;C:\Apps\gradle-5.0\bin;C:\Apps\liquibase-3.6.2;C:\Apps\node-v10.15.0;C:\Apps\groovy-2.5.5\bin;C:\Apps\Python\Python36-32\Scripts\;C:\Apps\Python\Python36-32\;C:\Users\ASUS\AppData\Local\Microsoft\WindowsApps;;C:\Apps\eclipse-jee-2019-06\eclipse;;.]
2019-11-02 21:03:11.853  INFO 15272 --- [restartedMain] o.a.c.c.C.[Tomcat].[localhost].[/]       : Initializing Spring embedded WebApplicationContext
2019-11-02 21:03:11.874  INFO 15272 --- [restartedMain] o.s.web.context.ContextLoader            : Root WebApplicationContext: initialization completed in 6314 ms
2019-11-02 21:03:12.023  INFO 15272 --- [restartedMain] o.s.b.w.servlet.ServletRegistrationBean  : Servlet dispatcherServlet mapped to [/]
2019-11-02 21:03:12.033  INFO 15272 --- [restartedMain] o.s.b.w.servlet.FilterRegistrationBean   : Mapping filter: 'characterEncodingFilter' to: [/*]
2019-11-02 21:03:12.037  INFO 15272 --- [restartedMain] o.s.b.w.servlet.FilterRegistrationBean   : Mapping filter: 'hiddenHttpMethodFilter' to: [/*]
2019-11-02 21:03:12.042  INFO 15272 --- [restartedMain] o.s.b.w.servlet.FilterRegistrationBean   : Mapping filter: 'formContentFilter' to: [/*]
2019-11-02 21:03:12.053  INFO 15272 --- [restartedMain] o.s.b.w.servlet.FilterRegistrationBean   : Mapping filter: 'requestContextFilter' to: [/*]
2019-11-02 21:03:13.364  INFO 15272 --- [restartedMain] pertySourcedRequestMappingHandlerMapping : Mapped URL path [/v2/api-docs] onto method [public org.springframework.http.ResponseEntity<springfox.documentation.spring.web.json.Json> springfox.documentation.swagger2.web.Swagger2Controller.getDocumentation(java.lang.String,javax.servlet.http.HttpServletRequest)]
2019-11-02 21:03:13.721  INFO 15272 --- [restartedMain] o.s.s.concurrent.ThreadPoolTaskExecutor  : Initializing ExecutorService 'applicationTaskExecutor'
2019-11-02 21:03:13.853  INFO 15272 --- [restartedMain] o.s.b.d.a.OptionalLiveReloadServer       : LiveReload server is running on port 35729
2019-11-02 21:03:14.370  INFO 15272 --- [restartedMain] d.s.w.p.DocumentationPluginsBootstrapper : Context refreshed
2019-11-02 21:03:14.516  INFO 15272 --- [restartedMain] d.s.w.p.DocumentationPluginsBootstrapper : Found 1 custom documentation plugin(s)
2019-11-02 21:03:14.596  INFO 15272 --- [restartedMain] s.d.s.w.s.ApiListingReferenceScanner     : Scanning for api listing references
2019-11-02 21:03:15.289  INFO 15272 --- [restartedMain] o.s.b.w.embedded.tomcat.TomcatWebServer  : Tomcat started on port(s): 9091 (http) with context path ''
2019-11-02 21:03:15.303  INFO 15272 --- [restartedMain] n.sahet.vatinfo.app.VatInfoApplication   : Started VatInfoApplication in 11.622 seconds (JVM running for 13.401)
2019-11-02 21:04:34.357  INFO 15272 --- [http-nio-9091-exec-5] o.a.c.c.C.[Tomcat].[localhost].[/]       : Initializing Spring DispatcherServlet 'dispatcherServlet'
2019-11-02 21:04:34.363  INFO 15272 --- [http-nio-9091-exec-5] o.s.web.servlet.DispatcherServlet        : Initializing Servlet 'dispatcherServlet'
2019-11-02 21:04:34.375  INFO 15272 --- [http-nio-9091-exec-5] o.s.web.servlet.DispatcherServlet        : Completed initialization in 11 ms
